<?xml version="1.0" encoding="UTF-8"?>
<!-- Generated by org.testng.reporters.JUnitXMLReporter -->
<testsuite ignored="0" hostname="hp" failures="1" tests="9" name="Test" time="0.063" errors="0" timestamp="2023-01-20T11:51:48 IST">
  <testcase classname="testNG.Sumo" name="sumo" time="0.007"/>
  <testcase classname="testNG.Sumo" name="sumo1" time="0.001"/>
  <testcase classname="testNG.Sumo" name="sumo2" time="0.001"/>
  <testcase classname="testNG.Remo" name="remo" time="0.001"/>
  <testcase classname="testNG.Remo" name="remo1" time="0.001"/>
  <testcase classname="testNG.Remo" name="remo2" time="0.0"/>
  <testcase classname="testNG.Demo" name="demo" time="0.0"/>
  <testcase classname="testNG.Demo" name="demo1" time="0.001"/>
  <testcase classname="testNG.Demo" name="demo2" time="0.002">
    <failure type="java.lang.ArithmeticException" message="/ by zero">
      <![CDATA[java.lang.ArithmeticException: / by zero
at testNG.Demo.demo2(Demo.java:21)
at java.base/java.util.ArrayList.forEach(ArrayList.java:1511)
... Removed 27 stack frames]]>
    </failure>
  </testcase> <!-- demo2 -->
</testsuite> <!-- Test -->
