<?xml version="1.0" encoding="UTF-8"?>
<testng-results ignored="0" total="9" passed="8" failed="1" skipped="0">
  <reporter-output>
    <line>
      <![CDATA[This is a semo1 method]]>
    </line>
    <line>
      <![CDATA[This is a semo2 method]]>
    </line>
    <line>
      <![CDATA[This is a semo2 method]]>
    </line>
    <line>
      <![CDATA[This is a remo method]]>
    </line>
    <line>
      <![CDATA[This is a remo1 method]]>
    </line>
    <line>
      <![CDATA[This is a remo2 method]]>
    </line>
    <line>
      <![CDATA[This is a demo method]]>
    </line>
    <line>
      <![CDATA[This is a demo1 method]]>
    </line>
  </reporter-output>
  <suite started-at="2023-01-20T11:51:48 IST" name="Suite" finished-at="2023-01-20T11:51:48 IST" duration-ms="63">
    <groups>
    </groups>
    <test started-at="2023-01-20T11:51:48 IST" name="Test" finished-at="2023-01-20T11:51:48 IST" duration-ms="63">
      <class name="testNG.Demo">
        <test-method signature="demo()[pri:0, instance:testNG.Demo@1613674b]" started-at="2023-01-20T11:51:48 IST" name="demo" finished-at="2023-01-20T11:51:48 IST" duration-ms="0" status="PASS">
          <reporter-output>
            <line>
              <![CDATA[This is a demo method]]>
            </line>
          </reporter-output>
        </test-method> <!-- demo -->
        <test-method signature="demo1()[pri:0, instance:testNG.Demo@1613674b]" started-at="2023-01-20T11:51:48 IST" name="demo1" finished-at="2023-01-20T11:51:48 IST" duration-ms="1" status="PASS">
          <reporter-output>
            <line>
              <![CDATA[This is a demo1 method]]>
            </line>
          </reporter-output>
        </test-method> <!-- demo1 -->
        <test-method signature="demo2()[pri:0, instance:testNG.Demo@1613674b]" started-at="2023-01-20T11:51:48 IST" name="demo2" finished-at="2023-01-20T11:51:48 IST" duration-ms="2" status="FAIL">
          <exception class="java.lang.ArithmeticException">
            <message>
              <![CDATA[/ by zero]]>
            </message>
            <full-stacktrace>
              <![CDATA[java.lang.ArithmeticException: / by zero
at testNG.Demo.demo2(Demo.java:21)
at java.base/jdk.internal.reflect.NativeMethodAccessorImpl.invoke0(Native Method)
at java.base/jdk.internal.reflect.NativeMethodAccessorImpl.invoke(NativeMethodAccessorImpl.java:77)
at java.base/jdk.internal.reflect.DelegatingMethodAccessorImpl.invoke(DelegatingMethodAccessorImpl.java:43)
at java.base/java.lang.reflect.Method.invoke(Method.java:568)
at org.testng.internal.MethodInvocationHelper.invokeMethod(MethodInvocationHelper.java:133)
at org.testng.internal.TestInvoker.invokeMethod(TestInvoker.java:598)
at org.testng.internal.TestInvoker.invokeTestMethod(TestInvoker.java:173)
at org.testng.internal.MethodRunner.runInSequence(MethodRunner.java:46)
at org.testng.internal.TestInvoker$MethodInvocationAgent.invoke(TestInvoker.java:824)
at org.testng.internal.TestInvoker.invokeTestMethods(TestInvoker.java:146)
at org.testng.internal.TestMethodWorker.invokeTestMethods(TestMethodWorker.java:146)
at org.testng.internal.TestMethodWorker.run(TestMethodWorker.java:128)
at java.base/java.util.ArrayList.forEach(ArrayList.java:1511)
at org.testng.TestRunner.privateRun(TestRunner.java:794)
at org.testng.TestRunner.run(TestRunner.java:596)
at org.testng.SuiteRunner.runTest(SuiteRunner.java:377)
at org.testng.SuiteRunner.runSequentially(SuiteRunner.java:371)
at org.testng.SuiteRunner.privateRun(SuiteRunner.java:332)
at org.testng.SuiteRunner.run(SuiteRunner.java:276)
at org.testng.SuiteRunnerWorker.runSuite(SuiteRunnerWorker.java:53)
at org.testng.SuiteRunnerWorker.run(SuiteRunnerWorker.java:96)
at org.testng.TestNG.runSuitesSequentially(TestNG.java:1212)
at org.testng.TestNG.runSuitesLocally(TestNG.java:1134)
at org.testng.TestNG.runSuites(TestNG.java:1063)
at org.testng.TestNG.run(TestNG.java:1031)
at org.testng.remote.AbstractRemoteTestNG.run(AbstractRemoteTestNG.java:115)
at org.testng.remote.RemoteTestNG.initAndRun(RemoteTestNG.java:251)
at org.testng.remote.RemoteTestNG.main(RemoteTestNG.java:77)
]]>
            </full-stacktrace>
          </exception> <!-- java.lang.ArithmeticException -->
          <reporter-output>
          </reporter-output>
        </test-method> <!-- demo2 -->
      </class> <!-- testNG.Demo -->
      <class name="testNG.Remo">
        <test-method signature="remo()[pri:0, instance:testNG.Remo@b62d79]" started-at="2023-01-20T11:51:48 IST" name="remo" finished-at="2023-01-20T11:51:48 IST" duration-ms="1" status="PASS">
          <reporter-output>
            <line>
              <![CDATA[This is a remo method]]>
            </line>
          </reporter-output>
        </test-method> <!-- remo -->
        <test-method signature="remo1()[pri:0, instance:testNG.Remo@b62d79]" started-at="2023-01-20T11:51:48 IST" name="remo1" finished-at="2023-01-20T11:51:48 IST" duration-ms="1" status="PASS">
          <reporter-output>
            <line>
              <![CDATA[This is a remo1 method]]>
            </line>
          </reporter-output>
        </test-method> <!-- remo1 -->
        <test-method signature="remo2()[pri:0, instance:testNG.Remo@b62d79]" started-at="2023-01-20T11:51:48 IST" name="remo2" finished-at="2023-01-20T11:51:48 IST" duration-ms="0" status="PASS">
          <reporter-output>
            <line>
              <![CDATA[This is a remo2 method]]>
            </line>
          </reporter-output>
        </test-method> <!-- remo2 -->
      </class> <!-- testNG.Remo -->
      <class name="testNG.Sumo">
        <test-method signature="sumo()[pri:0, instance:testNG.Sumo@2cd2a21f]" started-at="2023-01-20T11:51:48 IST" name="sumo" finished-at="2023-01-20T11:51:48 IST" duration-ms="7" status="PASS">
          <reporter-output>
            <line>
              <![CDATA[This is a semo1 method]]>
            </line>
          </reporter-output>
        </test-method> <!-- sumo -->
        <test-method signature="sumo1()[pri:0, instance:testNG.Sumo@2cd2a21f]" started-at="2023-01-20T11:51:48 IST" name="sumo1" finished-at="2023-01-20T11:51:48 IST" duration-ms="1" status="PASS">
          <reporter-output>
            <line>
              <![CDATA[This is a semo2 method]]>
            </line>
          </reporter-output>
        </test-method> <!-- sumo1 -->
        <test-method signature="sumo2()[pri:0, instance:testNG.Sumo@2cd2a21f]" started-at="2023-01-20T11:51:48 IST" name="sumo2" finished-at="2023-01-20T11:51:48 IST" duration-ms="1" status="PASS">
          <reporter-output>
            <line>
              <![CDATA[This is a semo2 method]]>
            </line>
          </reporter-output>
        </test-method> <!-- sumo2 -->
      </class> <!-- testNG.Sumo -->
    </test> <!-- Test -->
  </suite> <!-- Suite -->
</testng-results>
